android/app/build/outputs/logs/manifest-merger-release-report.txt
-- Merging decision tree log ---
manifest
ADDED from src/main/AndroidManifest.xml:1:1-62:12
	package
		ADDED from src/main/AndroidManifest.xml:2:5-29
		INJECTED from src/main/AndroidManifest.xml
		INJECTED from src/main/AndroidManifest.xml
	android:versionName
		ADDED from src/main/AndroidManifest.xml:4:5-30
		INJECTED from src/main/AndroidManifest.xml
		INJECTED from src/main/AndroidManifest.xml
	android:versionCode
		ADDED from src/main/AndroidManifest.xml:3:5-28
		INJECTED from src/main/AndroidManifest.xml
		INJECTED from src/main/AndroidManifest.xml
	xmlns:android
		ADDED from src/main/AndroidManifest.xml:1:11-69
uses-permission#android.permission.INTERNET
ADDED from src/main/AndroidManifest.xml:6:5-67
MERGED from [DM:react-native-code-push:unspecified] AndroidManifest.xml:11:5-67
MERGED from [DM:react-native-mauron85-background-geolocation:unspecified] AndroidManifest.xml:22:5-67
MERGED from [com.google.android.gms:play-services-gcm:11.0.1] AndroidManifest.xml:21:5-66
MERGED from [com.google.android.gms:play-services-iid:11.0.1] AndroidManifest.xml:21:5-66
	android:name
		ADDED from src/main/AndroidManifest.xml:6:22-64
uses-permission#android.permission.SYSTEM_ALERT_WINDOW
ADDED from src/main/AndroidManifest.xml:7:5-77
MERGED from [com.facebook.react:react-native:0.40.0] AndroidManifest.xml:11:5-78
	android:name
		ADDED from src/main/AndroidManifest.xml:7:22-75
uses-permission#android.permission.WAKE_LOCK
ADDED from src/main/AndroidManifest.xml:8:5-68
MERGED from [DM:react-native-mauron85-background-geolocation:unspecified] AndroidManifest.xml:23:5-68
	android:name
		ADDED from src/main/AndroidManifest.xml:8:22-65
uses-permission#android.permission.ACCESS_NETWORK_STATE
ADDED from src/main/AndroidManifest.xml:9:5-79
MERGED from [DM:react-native-mauron85-background-geolocation:unspecified] AndroidManifest.xml:18:5-79
	android:name
		ADDED from src/main/AndroidManifest.xml:9:22-76
uses-permission#android.permission.ACCESS_FINE_LOCATION
ADDED from src/main/AndroidManifest.xml:10:5-79
MERGED from [DM:react-native-mauron85-background-geolocation:unspecified] AndroidManifest.xml:20:5-79
	android:name
		ADDED from src/main/AndroidManifest.xml:10:22-76
uses-permission#android.permission.CAMERA
ADDED from src/main/AndroidManifest.xml:11:5-65
	android:name
		ADDED from src/main/AndroidManifest.xml:11:22-62
uses-permission#android.permission.WRITE_EXTERNAL_STORAGE
ADDED from src/main/AndroidManifest.xml:12:5-80
	android:name
		ADDED from src/main/AndroidManifest.xml:12:22-78
uses-permission#android.permission.VIBRATE
ADDED from src/main/AndroidManifest.xml:14:5-66
	android:name
		ADDED from src/main/AndroidManifest.xml:14:22-63
uses-sdk
ADDED from src/main/AndroidManifest.xml:16:5-18:41
MERGED from [com.android.support:multidex:1.0.1] AndroidManifest.xml:18:5-42
MERGED from [DM:react-native-signature-capture:unspecified] AndroidManifest.xml:7:5-9:41
MERGED from [DM:react-native-code-push:unspecified] AndroidManifest.xml:7:5-9:41
MERGED from [DM:react-native-mauron85-background-geolocation:unspecified] AndroidManifest.xml:8:5-10:41
MERGED from [com.google.android.gms:play-services-location:11.0.1] AndroidManifest.xml:3:5-43
MERGED from [DM:react-native-device-info:unspecified] AndroidManifest.xml:7:5-9:41
MERGED from [DM:react-native-image-picker:unspecified] AndroidManifest.xml:7:5-9:41
MERGED from [DM:react-native-push-notification:unspecified] AndroidManifest.xml:7:5-9:41
MERGED from [com.facebook.react:react-native:0.40.0] AndroidManifest.xml:7:5-9:41
MERGED from [com.android.support:appcompat-v7:23.1.1] AndroidManifest.xml:20:5-43
MERGED from [com.android.support:recyclerview-v7:23.0.1] AndroidManifest.xml:20:5-43
MERGED from [com.facebook.fresco:fresco:0.11.0] AndroidManifest.xml:5:5-7:41
MERGED from [com.facebook.fresco:drawee:0.11.0] AndroidManifest.xml:5:5-7:41
MERGED from [com.facebook.fresco:imagepipeline-okhttp3:0.11.0] AndroidManifest.xml:5:5-7:41
MERGED from [com.facebook.fresco:imagepipeline:0.11.0] AndroidManifest.xml:5:5-7:41
MERGED from [com.facebook.fresco:imagepipeline-base:0.11.0] AndroidManifest.xml:5:5-7:41
MERGED from [com.facebook.fresco:fbcore:0.11.0] AndroidManifest.xml:5:5-7:41
MERGED from [com.facebook.soloader:soloader:0.1.0] AndroidManifest.xml:2:3-70
MERGED from [com.google.android.gms:play-services-gcm:11.0.1] AndroidManifest.xml:17:5-43
MERGED from [com.google.android.gms:play-services-iid:11.0.1] AndroidManifest.xml:17:5-43
MERGED from [com.google.android.gms:play-services-base:11.0.1] AndroidManifest.xml:17:5-43
MERGED from [com.google.android.gms:play-services-tasks:11.0.1] AndroidManifest.xml:3:5-43
MERGED from [com.google.android.gms:play-services-basement:11.0.1] AndroidManifest.xml:17:5-43
MERGED from [com.android.support:support-v4:26.0.0-alpha1] AndroidManifest.xml:21:5-23:54
MERGED from [com.android.support:support-media-compat:26.0.0-alpha1] AndroidManifest.xml:21:5-23:63
MERGED from [com.android.support:support-fragment:26.0.0-alpha1] AndroidManifest.xml:21:5-23:60
MERGED from [com.android.support:support-core-ui:26.0.0-alpha1] AndroidManifest.xml:21:5-23:58
MERGED from [com.android.support:support-core-utils:26.0.0-alpha1] AndroidManifest.xml:21:5-23:61
MERGED from [com.android.support:support-compat:26.0.0-alpha1] AndroidManifest.xml:21:5-23:58
MERGED from [me.leolin:ShortcutBadger:1.1.8] AndroidManifest.xml:7:5-9:41
	tools:overrideLibrary
		ADDED from [com.android.support:support-v4:26.0.0-alpha1] AndroidManifest.xml:23:9-51
	android:targetSdkVersion
		ADDED from src/main/AndroidManifest.xml:18:9-38
		INJECTED from src/main/AndroidManifest.xml
		INJECTED from src/main/AndroidManifest.xml
	android:minSdkVersion
		ADDED from src/main/AndroidManifest.xml:17:9-35
		INJECTED from src/main/AndroidManifest.xml
		INJECTED from src/main/AndroidManifest.xml
application
ADDED from src/main/AndroidManifest.xml:20:5-60:19
MERGED from [DM:react-native-code-push:unspecified] AndroidManifest.xml:13:5-15:19
MERGED from [DM:react-native-mauron85-background-geolocation:unspecified] AndroidManifest.xml:25:5-73:19
MERGED from [com.google.android.gms:play-services-location:11.0.1] AndroidManifest.xml:4:5-19
MERGED from [DM:react-native-image-picker:unspecified] AndroidManifest.xml:11:5-21:19
MERGED from [com.facebook.react:react-native:0.40.0] AndroidManifest.xml:13:5-20
MERGED from [com.android.support:appcompat-v7:23.1.1] AndroidManifest.xml:22:5-20
MERGED from [com.facebook.soloader:soloader:0.1.0] AndroidManifest.xml:3:3-17
MERGED from [org.webkit:android-jsc:r174650] AndroidManifest.xml:2:3-17
MERGED from [com.google.android.gms:play-services-gcm:11.0.1] AndroidManifest.xml:23:5-19
MERGED from [com.google.android.gms:play-services-iid:11.0.1] AndroidManifest.xml:23:5-19
MERGED from [com.google.android.gms:play-services-base:11.0.1] AndroidManifest.xml:18:5-20:19
MERGED from [com.google.android.gms:play-services-tasks:11.0.1] AndroidManifest.xml:4:5-19
MERGED from [com.google.android.gms:play-services-basement:11.0.1] AndroidManifest.xml:19:5-21:19
MERGED from [com.android.support:support-v4:26.0.0-alpha1] AndroidManifest.xml:29:5-20
MERGED from [com.android.support:support-media-compat:26.0.0-alpha1] AndroidManifest.xml:29:5-20
MERGED from [com.android.support:support-fragment:26.0.0-alpha1] AndroidManifest.xml:29:5-20
MERGED from [com.android.support:support-core-ui:26.0.0-alpha1] AndroidManifest.xml:29:5-20
MERGED from [com.android.support:support-core-utils:26.0.0-alpha1] AndroidManifest.xml:29:5-20
MERGED from [com.android.support:support-compat:26.0.0-alpha1] AndroidManifest.xml:29:5-20
	android:label
		ADDED from src/main/AndroidManifest.xml:23:7-39
	android:supportsRtl
		ADDED from [DM:react-native-mauron85-background-geolocation:unspecified] AndroidManifest.xml:27:9-35
	android:hardwareAccelerated
		ADDED from [DM:react-native-mauron85-background-geolocation:unspecified] AndroidManifest.xml:26:9-43
	android:allowBackup
		ADDED from src/main/AndroidManifest.xml:22:7-33
	android:icon
		ADDED from src/main/AndroidManifest.xml:24:7-41
	android:theme
		ADDED from src/main/AndroidManifest.xml:25:7-38
	android:name
		ADDED from src/main/AndroidManifest.xml:21:7-38
activity#com.dmsoftware.MainActivity
ADDED from src/main/AndroidManifest.xml:26:7-35:18
	android:screenOrientation
		ADDED from src/main/AndroidManifest.xml:29:9-45
	android:label
		ADDED from src/main/AndroidManifest.xml:28:9-41
	android:configChanges
		ADDED from src/main/AndroidManifest.xml:30:9-79
	android:name
		ADDED from src/main/AndroidManifest.xml:27:9-37
intent-filter#android.intent.action.MAIN+android.intent.category.LAUNCHER
ADDED from src/main/AndroidManifest.xml:31:9-34:25
action#android.intent.action.MAIN
ADDED from src/main/AndroidManifest.xml:32:13-65
	android:name
		ADDED from src/main/AndroidManifest.xml:32:21-62
category#android.intent.category.LAUNCHER
ADDED from src/main/AndroidManifest.xml:33:13-73
	android:name
		ADDED from src/main/AndroidManifest.xml:33:23-70
activity#com.facebook.react.devsupport.DevSettingsActivity
ADDED from src/main/AndroidManifest.xml:36:7-84
MERGED from [DM:react-native-code-push:unspecified] AndroidManifest.xml:14:9-86
	android:name
		ADDED from src/main/AndroidManifest.xml:36:17-81
receiver#com.google.android.gms.gcm.GcmReceiver
ADDED from src/main/AndroidManifest.xml:37:7-45:16
	android:exported
		ADDED from src/main/AndroidManifest.xml:39:7-30
	android:permission
		ADDED from src/main/AndroidManifest.xml:40:7-67
	android:name
		ADDED from src/main/AndroidManifest.xml:38:7-60
intent-filter#com.dmsoftware+com.google.android.c2dm.intent.RECEIVE
ADDED from src/main/AndroidManifest.xml:41:7-44:23
action#com.google.android.c2dm.intent.RECEIVE
ADDED from src/main/AndroidManifest.xml:42:9-73
	android:name
		ADDED from src/main/AndroidManifest.xml:42:17-70
category#com.dmsoftware
ADDED from src/main/AndroidManifest.xml:43:9-51
	android:name
		ADDED from src/main/AndroidManifest.xml:43:19-48
receiver#com.dieam.reactnativepushnotification.modules.RNPushNotificationPublisher
ADDED from src/main/AndroidManifest.xml:46:5-106
	android:name
		ADDED from src/main/AndroidManifest.xml:46:15-103
receiver#com.dieam.reactnativepushnotification.modules.RNPushNotificationBootEventReceiver
ADDED from src/main/AndroidManifest.xml:47:6-51:17
	android:name
		ADDED from src/main/AndroidManifest.xml:47:16-112
intent-filter#android.intent.action.BOOT_COMPLETED
ADDED from src/main/AndroidManifest.xml:48:13-50:29
action#android.intent.action.BOOT_COMPLETED
ADDED from src/main/AndroidManifest.xml:49:17-79
	android:name
		ADDED from src/main/AndroidManifest.xml:49:25-76
service#com.dieam.reactnativepushnotification.modules.RNPushNotificationRegistrationService
ADDED from src/main/AndroidManifest.xml:52:4-113
	android:name
		ADDED from src/main/AndroidManifest.xml:52:13-111
service#com.dieam.reactnativepushnotification.modules.RNPushNotificationListenerService
ADDED from src/main/AndroidManifest.xml:53:4-59:14
	android:exported
		ADDED from src/main/AndroidManifest.xml:55:6-30
	android:name
		ADDED from src/main/AndroidManifest.xml:54:6-100
intent-filter#com.google.android.c2dm.intent.RECEIVE
ADDED from src/main/AndroidManifest.xml:56:6-58:22
uses-permission#android.permission.AUTHENTICATE_ACCOUNTS
ADDED from [DM:react-native-mauron85-background-geolocation:unspecified] AndroidManifest.xml:12:5-80
	android:name
		ADDED from [DM:react-native-mauron85-background-geolocation:unspecified] AndroidManifest.xml:12:22-77
uses-permission#android.permission.GET_ACCOUNTS
ADDED from [DM:react-native-mauron85-background-geolocation:unspecified] AndroidManifest.xml:13:5-71
	android:name
		ADDED from [DM:react-native-mauron85-background-geolocation:unspecified] AndroidManifest.xml:13:22-68
uses-permission#android.permission.READ_SYNC_SETTINGS
ADDED from [DM:react-native-mauron85-background-geolocation:unspecified] AndroidManifest.xml:14:5-77
	android:name
		ADDED from [DM:react-native-mauron85-background-geolocation:unspecified] AndroidManifest.xml:14:22-74
uses-permission#android.permission.WRITE_SYNC_SETTINGS
ADDED from [DM:react-native-mauron85-background-geolocation:unspecified] AndroidManifest.xml:15:5-78
	android:name
		ADDED from [DM:react-native-mauron85-background-geolocation:unspecified] AndroidManifest.xml:15:22-75
uses-permission#android.permission.RECEIVE_BOOT_COMPLETED
ADDED from [DM:react-native-mauron85-background-geolocation:unspecified] AndroidManifest.xml:16:5-81
	android:name
		ADDED from [DM:react-native-mauron85-background-geolocation:unspecified] AndroidManifest.xml:16:22-78
uses-permission#com.google.android.gms.permission.ACTIVITY_RECOGNITION
ADDED from [DM:react-native-mauron85-background-geolocation:unspecified] AndroidManifest.xml:17:5-94
	android:name
		ADDED from [DM:react-native-mauron85-background-geolocation:unspecified] AndroidManifest.xml:17:22-91
uses-permission#android.permission.ACCESS_COARSE_LOCATION
ADDED from [DM:react-native-mauron85-background-geolocation:unspecified] AndroidManifest.xml:19:5-81
	android:name
		ADDED from [DM:react-native-mauron85-background-geolocation:unspecified] AndroidManifest.xml:19:22-78
uses-permission#android.permission.ACCESS_LOCATION_EXTRA_COMMANDS
ADDED from [DM:react-native-mauron85-background-geolocation:unspecified] AndroidManifest.xml:21:5-89
	android:name
		ADDED from [DM:react-native-mauron85-background-geolocation:unspecified] AndroidManifest.xml:21:22-86
meta-data#com.google.android.gms.version
ADDED from [DM:react-native-mauron85-background-geolocation:unspecified] AndroidManifest.xml:28:9-30:69
MERGED from [com.google.android.gms:play-services-basement:11.0.1] AndroidManifest.xml:20:9-121
	android:value
		ADDED from [DM:react-native-mauron85-background-geolocation:unspecified] AndroidManifest.xml:30:13-66
	android:name
		ADDED from [DM:react-native-mauron85-background-geolocation:unspecified] AndroidManifest.xml:29:13-58
service#com.marianhello.bgloc.sync.SyncService
ADDED from [DM:react-native-mauron85-background-geolocation:unspecified] AndroidManifest.xml:32:9-43:19
	android:process
		ADDED from [DM:react-native-mauron85-background-geolocation:unspecified] AndroidManifest.xml:35:13-36
	android:exported
		ADDED from [DM:react-native-mauron85-background-geolocation:unspecified] AndroidManifest.xml:34:13-36
	android:name
		ADDED from [DM:react-native-mauron85-background-geolocation:unspecified] AndroidManifest.xml:33:13-66
intent-filter#android.content.SyncAdapter
ADDED from [DM:react-native-mauron85-background-geolocation:unspecified] AndroidManifest.xml:36:13-38:29
action#android.content.SyncAdapter
ADDED from [DM:react-native-mauron85-background-geolocation:unspecified] AndroidManifest.xml:37:17-70
	android:name
		ADDED from [DM:react-native-mauron85-background-geolocation:unspecified] AndroidManifest.xml:37:25-67
meta-data#android.content.SyncAdapter
ADDED from [DM:react-native-mauron85-background-geolocation:unspecified] AndroidManifest.xml:40:13-42:55
	android:resource
		ADDED from [DM:react-native-mauron85-background-geolocation:unspecified] AndroidManifest.xml:42:17-52
	android:name
		ADDED from [DM:react-native-mauron85-background-geolocation:unspecified] AndroidManifest.xml:41:17-59
service#com.marianhello.bgloc.sync.AuthenticatorService
ADDED from [DM:react-native-mauron85-background-geolocation:unspecified] AndroidManifest.xml:44:9-52:19
	android:name
		ADDED from [DM:react-native-mauron85-background-geolocation:unspecified] AndroidManifest.xml:44:18-80
intent-filter#android.accounts.AccountAuthenticator
ADDED from [DM:react-native-mauron85-background-geolocation:unspecified] AndroidManifest.xml:45:13-47:29
action#android.accounts.AccountAuthenticator
ADDED from [DM:react-native-mauron85-background-geolocation:unspecified] AndroidManifest.xml:46:17-80
	android:name
		ADDED from [DM:react-native-mauron85-background-geolocation:unspecified] AndroidManifest.xml:46:25-77
meta-data#android.accounts.AccountAuthenticator
ADDED from [DM:react-native-mauron85-background-geolocation:unspecified] AndroidManifest.xml:49:13-51:57
	android:resource
		ADDED from [DM:react-native-mauron85-background-geolocation:unspecified] AndroidManifest.xml:51:17-54
	android:name
		ADDED from [DM:react-native-mauron85-background-geolocation:unspecified] AndroidManifest.xml:50:17-69
provider#com.marianhello.bgloc.sync.DummyContentProvider
ADDED from [DM:react-native-mauron85-background-geolocation:unspecified] AndroidManifest.xml:54:9-58:39
	android:authorities
		ADDED from [DM:react-native-mauron85-background-geolocation:unspecified] AndroidManifest.xml:56:13-60
	android:syncable
		ADDED from [DM:react-native-mauron85-background-geolocation:unspecified] AndroidManifest.xml:58:13-36
	android:exported
		ADDED from [DM:react-native-mauron85-background-geolocation:unspecified] AndroidManifest.xml:57:13-37
	android:name
		ADDED from [DM:react-native-mauron85-background-geolocation:unspecified] AndroidManifest.xml:55:13-75
service#com.marianhello.bgloc.LocationService
ADDED from [DM:react-native-mauron85-background-geolocation:unspecified] AndroidManifest.xml:60:9-63:40
	android:enabled
		ADDED from [DM:react-native-mauron85-background-geolocation:unspecified] AndroidManifest.xml:62:13-35
	android:exported
		ADDED from [DM:react-native-mauron85-background-geolocation:unspecified] AndroidManifest.xml:63:13-37
	android:name
		ADDED from [DM:react-native-mauron85-background-geolocation:unspecified] AndroidManifest.xml:61:13-65
receiver#com.marianhello.bgloc.BootCompletedReceiver
ADDED from [DM:react-native-mauron85-background-geolocation:unspecified] AndroidManifest.xml:65:9-72:20
	android:enabled
		ADDED from [DM:react-native-mauron85-background-geolocation:unspecified] AndroidManifest.xml:67:13-35
	android:exported
		ADDED from [DM:react-native-mauron85-background-geolocation:unspecified] AndroidManifest.xml:68:13-36
	android:name
		ADDED from [DM:react-native-mauron85-background-geolocation:unspecified] AndroidManifest.xml:66:13-71
provider#android.support.v4.content.FileProvider
ADDED from [DM:react-native-image-picker:unspecified] AndroidManifest.xml:12:9-20:20
	android:authorities
		ADDED from [DM:react-native-image-picker:unspecified] AndroidManifest.xml:14:13-60
	android:grantUriPermissions
		ADDED from [DM:react-native-image-picker:unspecified] AndroidManifest.xml:16:13-47
	android:exported
		ADDED from [DM:react-native-image-picker:unspecified] AndroidManifest.xml:15:13-37
	android:name
		ADDED from [DM:react-native-image-picker:unspecified] AndroidManifest.xml:13:13-67
meta-data#android.support.FILE_PROVIDER_PATHS
ADDED from [DM:react-native-image-picker:unspecified] AndroidManifest.xml:17:13-19:58
	android:resource
		ADDED from [DM:react-native-image-picker:unspecified] AndroidManifest.xml:19:17-55
	android:name
		ADDED from [DM:react-native-image-picker:unspecified] AndroidManifest.xml:18:17-67
android:uses-permission#android.permission.READ_PHONE_STATE
IMPLIED from src/main/AndroidManifest.xml:1:1-62:12 reason: org.webkit.android_jsc has a targetSdkVersion < 4
android:uses-permission#android.permission.READ_EXTERNAL_STORAGE
IMPLIED from src/main/AndroidManifest.xml:1:1-62:12 reason: org.webkit.android_jsc requested WRITE_EXTERNAL_STORAGE
uses-permission#com.google.android.c2dm.permission.RECEIVE
ADDED from [com.google.android.gms:play-services-gcm:11.0.1] AndroidManifest.xml:20:5-81
MERGED from [com.google.android.gms:play-services-iid:11.0.1] AndroidManifest.xml:20:5-81
	android:name
		ADDED from [com.google.android.gms:play-services-gcm:11.0.1] AndroidManifest.xml:20:22-79
activity#com.google.android.gms.common.api.GoogleApiActivity
ADDED from [com.google.android.gms:play-services-base:11.0.1] AndroidManifest.xml:19:9-172
	android:exported
		ADDED from [com.google.android.gms:play-services-base:11.0.1] AndroidManifest.xml:19:146-170
	android:theme
		ADDED from [com.google.android.gms:play-services-base:11.0.1] AndroidManifest.xml:19:86-145
	android:name
		ADDED from [com.google.android.gms:play-services-base:11.0.1] AndroidManifest.xml:19:19-85
meta-data#android.support.VERSION
ADDED from [com.android.support:support-v4:26.0.0-alpha1] AndroidManifest.xml:25:5-27:41
MERGED from [com.android.support:support-media-compat:26.0.0-alpha1] AndroidManifest.xml:25:5-27:41
MERGED from [com.android.support:support-fragment:26.0.0-alpha1] AndroidManifest.xml:25:5-27:41
MERGED from [com.android.support:support-core-ui:26.0.0-alpha1] AndroidManifest.xml:25:5-27:41
MERGED from [com.android.support:support-core-utils:26.0.0-alpha1] AndroidManifest.xml:25:5-27:41
MERGED from [com.android.support:support-compat:26.0.0-alpha1] AndroidManifest.xml:25:5-27:41
	android:value
		ADDED from [com.android.support:support-v4:26.0.0-alpha1] AndroidManifest.xml:27:9-38
	android:name
		ADDED from [com.android.support:support-v4:26.0.0-alpha1] AndroidManifest.xml:26:9-47
uses-permission#com.sec.android.provider.badge.permission.READ
ADDED from [me.leolin:ShortcutBadger:1.1.8] AndroidManifest.xml:19:5-86
	android:name
		ADDED from [me.leolin:ShortcutBadger:1.1.8] AndroidManifest.xml:19:22-83
uses-permission#com.sec.android.provider.badge.permission.WRITE
ADDED from [me.leolin:ShortcutBadger:1.1.8] AndroidManifest.xml:20:5-87
	android:name
		ADDED from [me.leolin:ShortcutBadger:1.1.8] AndroidManifest.xml:20:22-84
uses-permission#com.htc.launcher.permission.READ_SETTINGS
ADDED from [me.leolin:ShortcutBadger:1.1.8] AndroidManifest.xml:23:5-81
	android:name
		ADDED from [me.leolin:ShortcutBadger:1.1.8] AndroidManifest.xml:23:22-78
uses-permission#com.htc.launcher.permission.UPDATE_SHORTCUT
ADDED from [me.leolin:ShortcutBadger:1.1.8] AndroidManifest.xml:24:5-83
	android:name
		ADDED from [me.leolin:ShortcutBadger:1.1.8] AndroidManifest.xml:24:22-80
uses-permission#com.sonyericsson.home.permission.BROADCAST_BADGE
ADDED from [me.leolin:ShortcutBadger:1.1.8] AndroidManifest.xml:27:5-88
	android:name
		ADDED from [me.leolin:ShortcutBadger:1.1.8] AndroidManifest.xml:27:22-85
uses-permission#com.sonymobile.home.permission.PROVIDER_INSERT_BADGE
ADDED from [me.leolin:ShortcutBadger:1.1.8] AndroidManifest.xml:28:5-92
	android:name
		ADDED from [me.leolin:ShortcutBadger:1.1.8] AndroidManifest.xml:28:22-89
uses-permission#com.anddoes.launcher.permission.UPDATE_COUNT
ADDED from [me.leolin:ShortcutBadger:1.1.8] AndroidManifest.xml:31:5-84
	android:name
		ADDED from [me.leolin:ShortcutBadger:1.1.8] AndroidManifest.xml:31:22-81
uses-permission#com.majeur.launcher.permission.UPDATE_BADGE
ADDED from [me.leolin:ShortcutBadger:1.1.8] AndroidManifest.xml:34:5-83
	android:name
		ADDED from [me.leolin:ShortcutBadger:1.1.8] AndroidManifest.xml:34:22-80
uses-permission#com.huawei.android.launcher.permission.CHANGE_BADGE
ADDED from [me.leolin:ShortcutBadger:1.1.8] AndroidManifest.xml:37:5-91
	android:name
		ADDED from [me.leolin:ShortcutBadger:1.1.8] AndroidManifest.xml:37:22-88
uses-permission#com.huawei.android.launcher.permission.READ_SETTINGS
ADDED from [me.leolin:ShortcutBadger:1.1.8] AndroidManifest.xml:38:5-92
	android:name
		ADDED from [me.leolin:ShortcutBadger:1.1.8] AndroidManifest.xml:38:22-89
uses-permission#com.huawei.android.launcher.permission.WRITE_SETTINGS
ADDED from [me.leolin:ShortcutBadger:1.1.8] AndroidManifest.xml:39:5-93
	android:name
		ADDED from [me.leolin:ShortcutBadger:1.1.8] AndroidManifest.xml:39:22-90